<?xml version="1.0" encoding="UTF-8"?>
<!-- Generated by org.testng.reporters.JUnitXMLReporter -->
<testsuite ignored="0" hostname="DESKTOP-P7ER7T8" failures="1" tests="1" name="Test" time="1.303" errors="0" timestamp="2022-08-19T16:30:01 IST">
  <testcase classname="Mypack.LaunchURL" name="launch" time="1.274">
    <failure type="org.openqa.selenium.SessionNotCreatedException" message="session not created: This version of ChromeDriver only supports Chrome version 99
Current browser version is 104.0.5112.102 with binary path C:\Program Files\Google\Chrome\Application\chrome.exe
Build info: version: &amp;apos;4.0.0-alpha-2&amp;apos;, revision: &amp;apos;f148142cf8&amp;apos;, time: &amp;apos;2019-07-01T20:55:26&amp;apos;
System info: host: &amp;apos;DESKTOP-P7ER7T8&amp;apos;, ip: &amp;apos;192.168.1.3&amp;apos;, os.name: &amp;apos;Windows 11&amp;apos;, os.arch: &amp;apos;amd64&amp;apos;, os.version: &amp;apos;10.0&amp;apos;, java.version: &amp;apos;17.0.2&amp;apos;
Driver info: driver.version: ChromeDriver
remote stacktrace: Backtrace:
	Ordinal0 [0x00AFCF43+2608963]
	Ordinal0 [0x00A8E8C1+2156737]
	Ordinal0 [0x009842C8+1065672]
	Ordinal0 [0x009A3FC5+1195973]
	Ordinal0 [0x0099FC0F+1178639]
	Ordinal0 [0x0099D4D1+1168593]
	Ordinal0 [0x009CFC2F+1375279]
	Ordinal0 [0x009CF85A+1374298]
	Ordinal0 [0x009CAED6+1355478]
	Ordinal0 [0x009A5D86+1203590]
	Ordinal0 [0x009A6C66+1207398]
	GetHandleVerifier [0x00CA3252+1679186]
	GetHandleVerifier [0x00D5591C+2410012]
	GetHandleVerifier [0x00B93B41+567361]
	GetHandleVerifier [0x00B92CC6+563654]
	Ordinal0 [0x00A94B5B+2181979]
	Ordinal0 [0x00A99AA8+2202280]
	Ordinal0 [0x00A99B95+2202517]
	Ordinal0 [0x00AA3B2C+2243372]
	BaseThreadInitThunk [0x750F6739+25]
	RtlGetFullPathName_UEx [0x773A8FEF+1215]
	RtlGetFullPathName_UEx [0x773A8FBD+1165]
">
      <![CDATA[org.openqa.selenium.SessionNotCreatedException: session not created: This version of ChromeDriver only supports Chrome version 99
Current browser version is 104.0.5112.102 with binary path C:\Program Files\Google\Chrome\Application\chrome.exe
Build info: version: '4.0.0-alpha-2', revision: 'f148142cf8', time: '2019-07-01T20:55:26'
System info: host: 'DESKTOP-P7ER7T8', ip: '192.168.1.3', os.name: 'Windows 11', os.arch: 'amd64', os.version: '10.0', java.version: '17.0.2'
Driver info: driver.version: ChromeDriver
remote stacktrace: Backtrace:
Ordinal0 [0x00AFCF43+2608963]
Ordinal0 [0x00A8E8C1+2156737]
Ordinal0 [0x009842C8+1065672]
Ordinal0 [0x009A3FC5+1195973]
Ordinal0 [0x0099FC0F+1178639]
Ordinal0 [0x0099D4D1+1168593]
Ordinal0 [0x009CFC2F+1375279]
Ordinal0 [0x009CF85A+1374298]
Ordinal0 [0x009CAED6+1355478]
Ordinal0 [0x009A5D86+1203590]
Ordinal0 [0x009A6C66+1207398]
GetHandleVerifier [0x00CA3252+1679186]
GetHandleVerifier [0x00D5591C+2410012]
GetHandleVerifier [0x00B93B41+567361]
GetHandleVerifier [0x00B92CC6+563654]
Ordinal0 [0x00A94B5B+2181979]
Ordinal0 [0x00A99AA8+2202280]
Ordinal0 [0x00A99B95+2202517]
Ordinal0 [0x00AA3B2C+2243372]
BaseThreadInitThunk [0x750F6739+25]
RtlGetFullPathName_UEx [0x773A8FEF+1215]
RtlGetFullPathName_UEx [0x773A8FBD+1165]

at org.openqa.selenium.remote.W3CHandshakeResponse.lambda$errorHandler$0(W3CHandshakeResponse.java:62)
at org.openqa.selenium.remote.HandshakeResponse.lambda$getResponseFunction$0(HandshakeResponse.java:30)
at org.openqa.selenium.remote.ProtocolHandshake.lambda$createSession$1(ProtocolHandshake.java:127)
at java.base/java.util.stream.ReferencePipeline$3$1.accept(ReferencePipeline.java:197)
at java.base/java.util.Spliterators$ArraySpliterator.tryAdvance(Spliterators.java:1002)
at java.base/java.util.stream.ReferencePipeline.forEachWithCancel(ReferencePipeline.java:129)
at java.base/java.util.stream.AbstractPipeline.copyIntoWithCancel(AbstractPipeline.java:527)
at java.base/java.util.stream.AbstractPipeline.copyInto(AbstractPipeline.java:513)
at java.base/java.util.stream.AbstractPipeline.wrapAndCopyInto(AbstractPipeline.java:499)
at java.base/java.util.stream.FindOps$FindOp.evaluateSequential(FindOps.java:150)
at java.base/java.util.stream.AbstractPipeline.evaluate(AbstractPipeline.java:234)
at java.base/java.util.stream.ReferencePipeline.findFirst(ReferencePipeline.java:647)
at org.openqa.selenium.remote.ProtocolHandshake.createSession(ProtocolHandshake.java:129)
at org.openqa.selenium.remote.ProtocolHandshake.createSession(ProtocolHandshake.java:75)
at org.openqa.selenium.remote.HttpCommandExecutor.execute(HttpCommandExecutor.java:139)
at org.openqa.selenium.remote.service.DriverCommandExecutor.execute(DriverCommandExecutor.java:83)
at org.openqa.selenium.remote.RemoteWebDriver.execute(RemoteWebDriver.java:576)
at org.openqa.selenium.remote.RemoteWebDriver.startSession(RemoteWebDriver.java:210)
at org.openqa.selenium.remote.RemoteWebDriver.<init>(RemoteWebDriver.java:130)
at org.openqa.selenium.chrome.ChromeDriver.<init>(ChromeDriver.java:181)
at org.openqa.selenium.chrome.ChromeDriver.<init>(ChromeDriver.java:168)
at org.openqa.selenium.chrome.ChromeDriver.<init>(ChromeDriver.java:123)
at Mypack.LaunchURL.launch(LaunchURL.java:27)
at java.base/java.util.ArrayList.forEach(ArrayList.java:1511)
... Removed 32 stack frames]]>
    </failure>
  </testcase> <!-- launch -->
</testsuite> <!-- Test -->
