<?xml version="1.0" encoding="UTF-8"?>
<!-- Generated by org.testng.reporters.JUnitReportReporter -->
<testsuite hostname="DESKTOP-P7ER7T8" failures="0" tests="2" name="LaunchURL" time="1.812" errors="1" timestamp="18 Aug 2022 15:32:10 GMT" skipped="1">
  <testcase classname="LaunchURL" name="launch" time="0.000">
    <skipped/>
  </testcase> <!-- launch -->
  <testcase classname="LaunchURL" name="beforeTest" time="1.812">
    <error message="session not created: This version of ChromeDriver only supports Chrome version 99
Current browser version is 104.0.5112.81 with binary path C:\Program Files\Google\Chrome\Application\chrome.exe
Build info: version: &#039;3.4.0&#039;, revision: &#039;unknown&#039;, time: &#039;unknown&#039;
System info: host: &#039;DESKTOP-P7ER7T8&#039;, ip: &#039;192.168.1.11&#039;, os.name: &#039;Windows 11&#039;, os.arch: &#039;amd64&#039;, os.version: &#039;10.0&#039;, java.version: &#039;17.0.2&#039;
Driver info: driver.version: ChromeDriver
remote stacktrace: Backtrace:
	Ordinal0 [0x00AFCF43+2608963]
	Ordinal0 [0x00A8E8C1+2156737]
	Ordinal0 [0x009842C8+1065672]
	Ordinal0 [0x009A3FC5+1195973]
	Ordinal0 [0x0099FC0F+1178639]
	Ordinal0 [0x0099D4D1+1168593]
	Ordinal0 [0x009CFC2F+1375279]
	Ordinal0 [0x009CF85A+1374298]
	Ordinal0 [0x009CAED6+1355478]
	Ordinal0 [0x009A5D86+1203590]
	Ordinal0 [0x009A6C66+1207398]
	GetHandleVerifier [0x00CA3252+1679186]
	GetHandleVerifier [0x00D5591C+2410012]
	GetHandleVerifier [0x00B93B41+567361]
	GetHandleVerifier [0x00B92CC6+563654]
	Ordinal0 [0x00A94B5B+2181979]
	Ordinal0 [0x00A99AA8+2202280]
	Ordinal0 [0x00A99B95+2202517]
	Ordinal0 [0x00AA3B2C+2243372]
	BaseThreadInitThunk [0x750F6739+25]
	RtlGetFullPathName_UEx [0x773A8FEF+1215]
	RtlGetFullPathName_UEx [0x773A8FBD+1165]
" type="org.openqa.selenium.SessionNotCreatedException">
      <![CDATA[org.openqa.selenium.SessionNotCreatedException: session not created: This version of ChromeDriver only supports Chrome version 99
Current browser version is 104.0.5112.81 with binary path C:\Program Files\Google\Chrome\Application\chrome.exe
Build info: version: '3.4.0', revision: 'unknown', time: 'unknown'
System info: host: 'DESKTOP-P7ER7T8', ip: '192.168.1.11', os.name: 'Windows 11', os.arch: 'amd64', os.version: '10.0', java.version: '17.0.2'
Driver info: driver.version: ChromeDriver
remote stacktrace: Backtrace:
Ordinal0 [0x00AFCF43+2608963]
Ordinal0 [0x00A8E8C1+2156737]
Ordinal0 [0x009842C8+1065672]
Ordinal0 [0x009A3FC5+1195973]
Ordinal0 [0x0099FC0F+1178639]
Ordinal0 [0x0099D4D1+1168593]
Ordinal0 [0x009CFC2F+1375279]
Ordinal0 [0x009CF85A+1374298]
Ordinal0 [0x009CAED6+1355478]
Ordinal0 [0x009A5D86+1203590]
Ordinal0 [0x009A6C66+1207398]
GetHandleVerifier [0x00CA3252+1679186]
GetHandleVerifier [0x00D5591C+2410012]
GetHandleVerifier [0x00B93B41+567361]
GetHandleVerifier [0x00B92CC6+563654]
Ordinal0 [0x00A94B5B+2181979]
Ordinal0 [0x00A99AA8+2202280]
Ordinal0 [0x00A99B95+2202517]
Ordinal0 [0x00AA3B2C+2243372]
BaseThreadInitThunk [0x750F6739+25]
RtlGetFullPathName_UEx [0x773A8FEF+1215]
RtlGetFullPathName_UEx [0x773A8FBD+1165]

at java.base/jdk.internal.reflect.NativeConstructorAccessorImpl.newInstance0(Native Method)
at java.base/jdk.internal.reflect.NativeConstructorAccessorImpl.newInstance(NativeConstructorAccessorImpl.java:77)
at java.base/jdk.internal.reflect.DelegatingConstructorAccessorImpl.newInstance(DelegatingConstructorAccessorImpl.java:45)
at java.base/java.lang.reflect.Constructor.newInstanceWithCaller(Constructor.java:499)
at java.base/java.lang.reflect.Constructor.newInstance(Constructor.java:480)
at org.openqa.selenium.remote.W3CHandshakeResponse.lambda$new$0(W3CHandshakeResponse.java:57)
at org.openqa.selenium.remote.W3CHandshakeResponse.lambda$getResponseFunction$2(W3CHandshakeResponse.java:104)
at org.openqa.selenium.remote.ProtocolHandshake.lambda$createSession$22(ProtocolHandshake.java:365)
at java.base/java.util.stream.ReferencePipeline$3$1.accept(ReferencePipeline.java:197)
at java.base/java.util.Spliterators$ArraySpliterator.tryAdvance(Spliterators.java:1002)
at java.base/java.util.stream.ReferencePipeline.forEachWithCancel(ReferencePipeline.java:129)
at java.base/java.util.stream.AbstractPipeline.copyIntoWithCancel(AbstractPipeline.java:527)
at java.base/java.util.stream.AbstractPipeline.copyInto(AbstractPipeline.java:513)
at java.base/java.util.stream.AbstractPipeline.wrapAndCopyInto(AbstractPipeline.java:499)
at java.base/java.util.stream.FindOps$FindOp.evaluateSequential(FindOps.java:150)
at java.base/java.util.stream.AbstractPipeline.evaluate(AbstractPipeline.java:234)
at java.base/java.util.stream.ReferencePipeline.findFirst(ReferencePipeline.java:647)
at org.openqa.selenium.remote.ProtocolHandshake.createSession(ProtocolHandshake.java:368)
at org.openqa.selenium.remote.ProtocolHandshake.createSession(ProtocolHandshake.java:159)
at org.openqa.selenium.remote.HttpCommandExecutor.execute(HttpCommandExecutor.java:142)
at org.openqa.selenium.remote.service.DriverCommandExecutor.execute(DriverCommandExecutor.java:82)
at org.openqa.selenium.remote.RemoteWebDriver.execute(RemoteWebDriver.java:637)
at org.openqa.selenium.remote.RemoteWebDriver.startSession(RemoteWebDriver.java:250)
at org.openqa.selenium.remote.RemoteWebDriver.startSession(RemoteWebDriver.java:236)
at org.openqa.selenium.remote.RemoteWebDriver.<init>(RemoteWebDriver.java:137)
at org.openqa.selenium.chrome.ChromeDriver.<init>(ChromeDriver.java:184)
at org.openqa.selenium.chrome.ChromeDriver.<init>(ChromeDriver.java:171)
at org.openqa.selenium.chrome.ChromeDriver.<init>(ChromeDriver.java:124)
at LaunchURL.beforeTest(LaunchURL.java:22)
at java.base/jdk.internal.reflect.NativeMethodAccessorImpl.invoke0(Native Method)
at java.base/jdk.internal.reflect.NativeMethodAccessorImpl.invoke(NativeMethodAccessorImpl.java:77)
at java.base/jdk.internal.reflect.DelegatingMethodAccessorImpl.invoke(DelegatingMethodAccessorImpl.java:43)
at java.base/java.lang.reflect.Method.invoke(Method.java:568)
at org.testng.internal.MethodInvocationHelper.invokeMethod(MethodInvocationHelper.java:124)
at org.testng.internal.MethodInvocationHelper.invokeMethodConsideringTimeout(MethodInvocationHelper.java:59)
at org.testng.internal.Invoker.invokeConfigurationMethod(Invoker.java:458)
at org.testng.internal.Invoker.invokeConfigurations(Invoker.java:222)
at org.testng.internal.Invoker.invokeConfigurations(Invoker.java:142)
at org.testng.TestRunner.beforeRun(TestRunner.java:529)
at org.testng.TestRunner.run(TestRunner.java:497)
at org.testng.SuiteRunner.runTest(SuiteRunner.java:455)
at org.testng.SuiteRunner.runSequentially(SuiteRunner.java:450)
at org.testng.SuiteRunner.privateRun(SuiteRunner.java:415)
at org.testng.SuiteRunner.run(SuiteRunner.java:364)
at org.testng.SuiteRunnerWorker.runSuite(SuiteRunnerWorker.java:52)
at org.testng.SuiteRunnerWorker.run(SuiteRunnerWorker.java:84)
at org.testng.TestNG.runSuitesSequentially(TestNG.java:1208)
at org.testng.TestNG.runSuitesLocally(TestNG.java:1137)
at org.testng.TestNG.runSuites(TestNG.java:1049)
at org.testng.TestNG.run(TestNG.java:1017)
at org.testng.remote.AbstractRemoteTestNG.run(AbstractRemoteTestNG.java:115)
at org.testng.remote.RemoteTestNG.initAndRun(RemoteTestNG.java:251)
at org.testng.remote.RemoteTestNG.main(RemoteTestNG.java:77)
]]>
    </error>
  </testcase> <!-- beforeTest -->
</testsuite> <!-- LaunchURL -->
